#
# A fatal error has been detected by the Java Runtime Environment:
#
#  EXCEPTION_ACCESS_VIOLATION (0xc0000005) at pc=0x000000007785b610, pid=4376, tid=6384
#
# JRE version: Java(TM) SE Runtime Environment (8.0_60-b27) (build 1.8.0_60-b27)
# Java VM: Java HotSpot(TM) 64-Bit Server VM (25.60-b23 mixed mode windows-amd64 compressed oops)
# Problematic frame:
# V  [jvm.dll+0xeb610]
#
# Failed to write core dump. Minidumps are not enabled by default on client versions of Windows
#
# If you would like to submit a bug report, please visit:
#   http://bugreport.java.com/bugreport/crash.jsp
#

---------------  T H R E A D  ---------------

Current thread (0x00000000166be000):  JavaThread "AWT-EventQueue-0" [_thread_in_vm, id=6384, stack(0x00000000180c0000,0x00000000181c0000)]

siginfo: ExceptionCode=0xc0000005, writing address 0x0000000000000014

Registers:
RAX=0x0000000000000014, RBX=0x0000000000000000, RCX=0x0000000000000014, RDX=0x0000000000000000
RSP=0x00000000181bc0f8, RBP=0x00000000000007ff, RSI=0x00000000eb5dd918, RDI=0x0000000000000013
R8 =0x0000000000000013, R9 =0x0000000000000013, R10=0x00000000eb5dd8f0, R11=0x0000000000000000
R12=0x0000000000000000, R13=0x0000000014948910, R14=0x0000000014948920, R15=0x0000000014948cf8
RIP=0x000000007785b610, EFLAGS=0x0000000000010246

Top of Stack: (sp=0x00000000181bc0f8)
0x00000000181bc0f8:   00000000779e9d38 00000000c19b8330
0x00000000181bc108:   00000000ec20cbd8 00000000eb5dcf88
0x00000000181bc118:   0000000002b47231 00000000eb5dd8f0
0x00000000181bc128:   00000000778b42c0 0000000000000013
0x00000000181bc138:   00000000175e4860 00000000166be000
0x00000000181bc148:   00000000778a9246 0000000000000000
0x00000000181bc158:   00000000778b350e 00000000166be000
0x00000000181bc168:   0000000000000000 000000000000002a
0x00000000181bc178:   00000000778b335c 0000000000000013
0x00000000181bc188:   00000000166be1f8 0000000000000000
0x00000000181bc198:   00000000181bc2e0 00000000181bc1e0
0x00000000181bc1a8:   00000000503b1aee 00000000000003d8
0x00000000181bc1b8:   0000000000000000 00000000181bc2f0
0x00000000181bc1c8:   0000000000000000 00000000181bc1e0
0x00000000181bc1d8:   00000000777ed4fd 0000000000000000
0x00000000181bc1e8:   00000000778a9266 000000010000e6b8 

Instructions: (pc=0x000000007785b610)
0x000000007785b5f0:   ff ff ff cc cc cc cc cc cc cc cc cc cc cc cc cc
0x000000007785b600:   48 8b 89 30 01 00 00 e9 54 a3 f3 ff cc cc cc cc
0x000000007785b610:   48 89 5c 24 08 57 48 83 ec 20 48 8b f9 8b 0d 75
0x000000007785b620:   c0 6b 00 8b da ff 15 c5 7d 4e 00 44 8b c3 48 8b 


Register to memory mapping:

RAX=0x0000000000000014 is an unknown value
RBX=0x0000000000000000 is an unknown value
RCX=0x0000000000000014 is an unknown value
RDX=0x0000000000000000 is an unknown value
RSP=0x00000000181bc0f8 is pointing into the stack for thread: 0x00000000166be000
RBP=0x00000000000007ff is an unknown value
RSI=0x00000000eb5dd918 is an oop

[error occurred during error reporting (printing register info), id 0xc0000005]

Stack: [0x00000000180c0000,0x00000000181c0000],  sp=0x00000000181bc0f8,  free space=1008k
Native frames: (J=compiled Java code, j=interpreted, Vv=VM code, C=native code)
V  [jvm.dll+0xeb610]
V  [jvm.dll+0x279d38]
V  [jvm.dll+0x1442c0]
C  [java.dll+0x1aee]
C  0x0000000002449605

Java frames: (J=compiled Java code, j=interpreted, Vv=VM code)
J 1760  java.lang.Class.forName0(Ljava/lang/String;ZLjava/lang/ClassLoader;Ljava/lang/Class;)Ljava/lang/Class; (0 bytes) @ 0x0000000002449587 [0x0000000002449500+0x87]
J 1945 C2 java.io.ObjectInputStream.readClassDesc(Z)Ljava/io/ObjectStreamClass; (105 bytes) @ 0x0000000002962dd0 [0x000000000295e3c0+0x4a10]
J 2030 C2 java.io.ObjectInputStream.readArray(Z)Ljava/lang/Object; (444 bytes) @ 0x00000000029ec414 [0x00000000029ec240+0x1d4]
J 1958 C2 java.io.ObjectInputStream.readObject0(Z)Ljava/lang/Object; (554 bytes) @ 0x00000000029c72c0 [0x00000000029c5740+0x1b80]
J 1958 C2 java.io.ObjectInputStream.readObject0(Z)Ljava/lang/Object; (554 bytes) @ 0x00000000029c7d94 [0x00000000029c5740+0x2654]
J 1952 C1 java.io.ObjectInputStream.readObject()Ljava/lang/Object; (124 bytes) @ 0x0000000002951c74 [0x0000000002951ba0+0xd4]
J 1921 C1 edu.ucue.jparking.dao.bptree.BPTree.getNode(Ljava/lang/Long;)Ledu/ucue/jparking/dao/bptree/Node; (75 bytes) @ 0x000000000293ddb4 [0x000000000293d660+0x754]
j  edu.ucue.jparking.dao.bptree.BPTree.values()Ljava/util/Collection;+55
j  edu.ucue.jparking.dao.bptree.BPTreeMap.size()I+4
j  edu.ucue.jparking.dao.RegistrosDAO.addRegistro(Ledu/ucue/jparking/srv/objetos/registros/Registro;)V+4
j  edu.ucue.jparking.srv.RegistroService.add(Ledu/ucue/jparking/srv/objetos/registros/Registro;)V+4
j  edu.ucue.jparking.srv.UsuarioService.add(Ljava/lang/String;Ljava/lang/String;Ljava/lang/String;Ljava/lang/String;Ljava/lang/String;Ljava/lang/String;)V+126
j  edu.ucue.jparking.srv.JP.addUsuario(Ljava/lang/String;Ljava/lang/String;Ljava/lang/String;Ljava/lang/String;Ljava/lang/String;Ljava/lang/String;)V+12
j  edu.ucue.jparking.Test.cargarUsuarios()V+57
j  edu.ucue.jparking.Test.loadAllTest()V+0
j  edu.ucue.jparking.gui.LoginGUI.iniciar()V+14
j  edu.ucue.jparking.gui.LoginGUI.IniciarBtnActionPerformed(Ljava/awt/event/ActionEvent;)V+34
j  edu.ucue.jparking.gui.LoginGUI.access$000(Ledu/ucue/jparking/gui/LoginGUI;Ljava/awt/event/ActionEvent;)V+2
j  edu.ucue.jparking.gui.LoginGUI$1.actionPerformed(Ljava/awt/event/ActionEvent;)V+5
j  javax.swing.AbstractButton.fireActionPerformed(Ljava/awt/event/ActionEvent;)V+83
j  javax.swing.AbstractButton$Handler.actionPerformed(Ljava/awt/event/ActionEvent;)V+5
j  javax.swing.DefaultButtonModel.fireActionPerformed(Ljava/awt/event/ActionEvent;)V+34
j  javax.swing.DefaultButtonModel.setPressed(Z)V+117
j  javax.swing.plaf.basic.BasicButtonListener.mouseReleased(Ljava/awt/event/MouseEvent;)V+35
j  java.awt.Component.processMouseEvent(Ljava/awt/event/MouseEvent;)V+64
j  javax.swing.JComponent.processMouseEvent(Ljava/awt/event/MouseEvent;)V+23
j  java.awt.Component.processEvent(Ljava/awt/AWTEvent;)V+81
j  java.awt.Container.processEvent(Ljava/awt/AWTEvent;)V+18
j  java.awt.Component.dispatchEventImpl(Ljava/awt/AWTEvent;)V+589
J 1177 C1 java.awt.Container.dispatchEventImpl(Ljava/awt/AWTEvent;)V (129 bytes) @ 0x00000000027043c4 [0x0000000002704280+0x144]
j  java.awt.Component.dispatchEvent(Ljava/awt/AWTEvent;)V+2
j  java.awt.LightweightDispatcher.retargetMouseEvent(Ljava/awt/Component;ILjava/awt/event/MouseEvent;)V+327
j  java.awt.LightweightDispatcher.processMouseEvent(Ljava/awt/event/MouseEvent;)Z+155
j  java.awt.LightweightDispatcher.dispatchEvent(Ljava/awt/AWTEvent;)Z+50
J 1177 C1 java.awt.Container.dispatchEventImpl(Ljava/awt/AWTEvent;)V (129 bytes) @ 0x0000000002704364 [0x0000000002704280+0xe4]
j  java.awt.Window.dispatchEventImpl(Ljava/awt/AWTEvent;)V+19
J 1008 C1 java.awt.EventQueue.dispatchEventImpl(Ljava/awt/AWTEvent;Ljava/lang/Object;)V (149 bytes) @ 0x00000000026a993c [0x00000000026a8100+0x183c]
J 1006 C1 java.awt.EventQueue$3.run()Ljava/lang/Void; (60 bytes) @ 0x00000000026a64cc [0x00000000026a62c0+0x20c]
J 1005 C1 java.awt.EventQueue$3.run()Ljava/lang/Object; (5 bytes) @ 0x00000000026a508c [0x00000000026a5000+0x8c]
v  ~StubRoutines::call_stub
J 858  java.security.AccessController.doPrivileged(Ljava/security/PrivilegedAction;Ljava/security/AccessControlContext;)Ljava/lang/Object; (0 bytes) @ 0x00000000026595e6 [0x0000000002659580+0x66]
J 875 C1 java.security.ProtectionDomain$JavaSecurityAccessImpl.doIntersectionPrivilege(Ljava/security/PrivilegedAction;Ljava/security/AccessControlContext;Ljava/security/AccessControlContext;)Ljava/lang/Object; (22 bytes) @ 0x00000000026622ac [0x0000000002661e40+0x46c]
j  java.security.ProtectionDomain$JavaSecurityAccessImpl.doIntersectionPrivilege(Ljava/security/PrivilegedAction;Ljava/security/AccessControlContext;)Ljava/lang/Object;+6
j  java.awt.EventQueue$4.run()Ljava/lang/Void;+11
j  java.awt.EventQueue$4.run()Ljava/lang/Object;+1
v  ~StubRoutines::call_stub
J 858  java.security.AccessController.doPrivileged(Ljava/security/PrivilegedAction;Ljava/security/AccessControlContext;)Ljava/lang/Object; (0 bytes) @ 0x00000000026595e6 [0x0000000002659580+0x66]
J 946 C1 java.awt.EventQueue.dispatchEvent(Ljava/awt/AWTEvent;)V (80 bytes) @ 0x000000000267fcfc [0x000000000267ee80+0xe7c]
J 948 C1 java.awt.EventDispatchThread.pumpOneEventForFilters(I)V (295 bytes) @ 0x0000000002682aa4 [0x0000000002680f40+0x1b64]
j  java.awt.EventDispatchThread.pumpEventsForFilter(ILjava/awt/Conditional;Ljava/awt/EventFilter;)V+35
j  java.awt.EventDispatchThread.pumpEventsForHierarchy(ILjava/awt/Conditional;Ljava/awt/Component;)V+11
j  java.awt.EventDispatchThread.pumpEvents(ILjava/awt/Conditional;)V+4
j  java.awt.EventDispatchThread.pumpEvents(Ljava/awt/Conditional;)V+3
j  java.awt.EventDispatchThread.run()V+9
v  ~StubRoutines::call_stub

---------------  P R O C E S S  ---------------

Java Threads: ( => current thread )
  0x0000000019239000 JavaThread "TimerQueue" daemon [_thread_blocked, id=3668, stack(0x0000000019870000,0x0000000019970000)]
  0x0000000002230800 JavaThread "DestroyJavaVM" [_thread_blocked, id=3264, stack(0x0000000002130000,0x0000000002230000)]
=>0x00000000166be000 JavaThread "AWT-EventQueue-0" [_thread_in_vm, id=6384, stack(0x00000000180c0000,0x00000000181c0000)]
  0x00000000165d5000 JavaThread "AWT-Windows" daemon [_thread_in_native, id=3376, stack(0x0000000016ec0000,0x0000000016fc0000)]
  0x00000000165d2000 JavaThread "AWT-Shutdown" [_thread_blocked, id=5548, stack(0x0000000016dc0000,0x0000000016ec0000)]
  0x00000000165d1800 JavaThread "Java2D Disposer" daemon [_thread_blocked, id=5960, stack(0x0000000016cc0000,0x0000000016dc0000)]
  0x00000000162c5800 JavaThread "Service Thread" daemon [_thread_blocked, id=6492, stack(0x00000000166c0000,0x00000000167c0000)]
  0x000000001498c800 JavaThread "C1 CompilerThread2" daemon [_thread_blocked, id=4116, stack(0x00000000161c0000,0x00000000162c0000)]
  0x0000000014986000 JavaThread "C2 CompilerThread1" daemon [_thread_blocked, id=4988, stack(0x00000000160c0000,0x00000000161c0000)]
  0x000000001492c800 JavaThread "C2 CompilerThread0" daemon [_thread_blocked, id=2656, stack(0x0000000015fc0000,0x00000000160c0000)]
  0x000000001492b000 JavaThread "Attach Listener" daemon [_thread_blocked, id=3612, stack(0x0000000015ec0000,0x0000000015fc0000)]
  0x0000000014929800 JavaThread "Signal Dispatcher" daemon [_thread_blocked, id=5764, stack(0x0000000015dc0000,0x0000000015ec0000)]
  0x0000000002326000 JavaThread "Finalizer" daemon [_thread_blocked, id=4948, stack(0x0000000015bc0000,0x0000000015cc0000)]
  0x00000000148f9000 JavaThread "Reference Handler" daemon [_thread_blocked, id=4436, stack(0x0000000015ac0000,0x0000000015bc0000)]

Other Threads:
  0x00000000148f7800 VMThread [stack: 0x00000000159c0000,0x0000000015ac0000] [id=6696]
  0x00000000162d3800 WatcherThread [stack: 0x00000000167c0000,0x00000000168c0000] [id=5228]

VM state:not at safepoint (normal execution)

VM Mutex/Monitor currently owned by a thread: None

Heap:
 PSYoungGen      total 18944K, used 6556K [0x00000000eb200000, 0x00000000ece00000, 0x0000000100000000)
  eden space 16384K, 24% used [0x00000000eb200000,0x00000000eb5e84f0,0x00000000ec200000)
  from space 2560K, 99% used [0x00000000ec200000,0x00000000ec47eb58,0x00000000ec480000)
  to   space 6144K, 0% used [0x00000000ec800000,0x00000000ec800000,0x00000000ece00000)
 ParOldGen       total 44032K, used 3878K [0x00000000c1600000, 0x00000000c4100000, 0x00000000eb200000)
  object space 44032K, 8% used [0x00000000c1600000,0x00000000c19c99c0,0x00000000c4100000)
 Metaspace       used 17047K, capacity 17348K, committed 17664K, reserved 1064960K
  class space    used 2134K, capacity 2230K, committed 2304K, reserved 1048576K

Card table byte_map: [0x00000000116f0000,0x00000000118f0000] byte_map_base: 0x00000000110e5000

Marking Bits: (ParMarkBitMap*) 0x0000000077f7a5b0
 Begin Bits: [0x0000000011e40000, 0x0000000012de8000)
 End Bits:   [0x0000000012de8000, 0x0000000013d90000)

Polling page: 0x0000000000790000

CodeCache: size=245760Kb used=6836Kb max_used=6853Kb free=238923Kb
 bounds [0x0000000002330000, 0x00000000029f0000, 0x0000000011330000]
 total_blobs=2487 nmethods=1956 adapters=443
 compilation: enabled

Compilation events (10 events):
Event: 20.855 Thread 0x0000000014986000 nmethod 2026 0x00000000025df350 code [0x00000000025df4c0, 0x00000000025dfa78]
Event: 20.856 Thread 0x000000001492c800 nmethod 2028 0x0000000002598150 code [0x00000000025982a0, 0x0000000002598728]
Event: 20.858 Thread 0x0000000014986000 2029       4       java.io.ObjectInputStream::readArray (444 bytes)
Event: 20.889 Thread 0x0000000014986000 nmethod 2029 0x00000000029e2e10 code [0x00000000029e3060, 0x00000000029e47a0]
Event: 20.986 Thread 0x000000001492c800 2030       4       java.io.ObjectInputStream::readArray (444 bytes)
Event: 20.987 Thread 0x0000000014986000 2031       4       java.io.RandomAccessFile::<init> (258 bytes)
Event: 20.999 Thread 0x0000000014986000 nmethod 2031 0x0000000002542ad0 code [0x0000000002542c60, 0x0000000002543428]
Event: 20.999 Thread 0x0000000014986000 2032   !   4       java.io.RandomAccessFile::close (62 bytes)
Event: 21.024 Thread 0x0000000014986000 nmethod 2032 0x00000000029e92d0 code [0x00000000029e94a0, 0x00000000029eb040]
Event: 21.027 Thread 0x000000001492c800 nmethod 2030 0x00000000029ec010 code [0x00000000029ec240, 0x00000000029eda80]

GC Heap History (10 events):
Event: 4.821 GC heap before
{Heap before GC invocations=1 (full 0):
 PSYoungGen      total 18944K, used 16384K [0x00000000eb200000, 0x00000000ec700000, 0x0000000100000000)
  eden space 16384K, 100% used [0x00000000eb200000,0x00000000ec200000,0x00000000ec200000)
  from space 2560K, 0% used [0x00000000ec480000,0x00000000ec480000,0x00000000ec700000)
  to   space 2560K, 0% used [0x00000000ec200000,0x00000000ec200000,0x00000000ec480000)
 ParOldGen       total 44032K, used 0K [0x00000000c1600000, 0x00000000c4100000, 0x00000000eb200000)
  object space 44032K, 0% used [0x00000000c1600000,0x00000000c1600000,0x00000000c4100000)
 Metaspace       used 11149K, capacity 11278K, committed 11520K, reserved 1058816K
  class space    used 1406K, capacity 1476K, committed 1536K, reserved 1048576K
Event: 4.828 GC heap after
Heap after GC invocations=1 (full 0):
 PSYoungGen      total 18944K, used 2560K [0x00000000eb200000, 0x00000000ec700000, 0x0000000100000000)
  eden space 16384K, 0% used [0x00000000eb200000,0x00000000eb200000,0x00000000ec200000)
  from space 2560K, 100% used [0x00000000ec200000,0x00000000ec480000,0x00000000ec480000)
  to   space 2560K, 0% used [0x00000000ec480000,0x00000000ec480000,0x00000000ec700000)
 ParOldGen       total 44032K, used 531K [0x00000000c1600000, 0x00000000c4100000, 0x00000000eb200000)
  object space 44032K, 1% used [0x00000000c1600000,0x00000000c1684d60,0x00000000c4100000)
 Metaspace       used 11149K, capacity 11278K, committed 11520K, reserved 1058816K
  class space    used 1406K, capacity 1476K, committed 1536K, reserved 1048576K
}
Event: 13.352 GC heap before
{Heap before GC invocations=2 (full 0):
 PSYoungGen      total 18944K, used 18944K [0x00000000eb200000, 0x00000000ec700000, 0x0000000100000000)
  eden space 16384K, 100% used [0x00000000eb200000,0x00000000ec200000,0x00000000ec200000)
  from space 2560K, 100% used [0x00000000ec200000,0x00000000ec480000,0x00000000ec480000)
  to   space 2560K, 0% used [0x00000000ec480000,0x00000000ec480000,0x00000000ec700000)
 ParOldGen       total 44032K, used 531K [0x00000000c1600000, 0x00000000c4100000, 0x00000000eb200000)
  object space 44032K, 1% used [0x00000000c1600000,0x00000000c1684d60,0x00000000c4100000)
 Metaspace       used 16399K, capacity 16686K, committed 16896K, reserved 1064960K
  class space    used 2080K, capacity 2205K, committed 2304K, reserved 1048576K
Event: 13.360 GC heap after
Heap after GC invocations=2 (full 0):
 PSYoungGen      total 18944K, used 2554K [0x00000000eb200000, 0x00000000ec700000, 0x0000000100000000)
  eden space 16384K, 0% used [0x00000000eb200000,0x00000000eb200000,0x00000000ec200000)
  from space 2560K, 99% used [0x00000000ec480000,0x00000000ec6feb58,0x00000000ec700000)
  to   space 2560K, 0% used [0x00000000ec200000,0x00000000ec200000,0x00000000ec480000)
 ParOldGen       total 44032K, used 3542K [0x00000000c1600000, 0x00000000c4100000, 0x00000000eb200000)
  object space 44032K, 8% used [0x00000000c1600000,0x00000000c19759c0,0x00000000c4100000)
 Metaspace       used 16399K, capacity 16686K, committed 16896K, reserved 1064960K
  class space    used 2080K, capacity 2205K, committed 2304K, reserved 1048576K
}
Event: 16.801 GC heap before
{Heap before GC invocations=3 (full 0):
 PSYoungGen      total 18944K, used 18938K [0x00000000eb200000, 0x00000000ec700000, 0x0000000100000000)
  eden space 16384K, 100% used [0x00000000eb200000,0x00000000ec200000,0x00000000ec200000)
  from space 2560K, 99% used [0x00000000ec480000,0x00000000ec6feb58,0x00000000ec700000)
  to   space 2560K, 0% used [0x00000000ec200000,0x00000000ec200000,0x00000000ec480000)
 ParOldGen       total 44032K, used 3542K [0x00000000c1600000, 0x00000000c4100000, 0x00000000eb200000)
  object space 44032K, 8% used [0x00000000c1600000,0x00000000c19759c0,0x00000000c4100000)
 Metaspace       used 17032K, capacity 17336K, committed 17664K, reserved 1064960K
  class space    used 2133K, capacity 2228K, committed 2304K, reserved 1048576K
Event: 16.806 GC heap after
Heap after GC invocations=3 (full 0):
 PSYoungGen      total 18944K, used 2554K [0x00000000eb200000, 0x00000000ec700000, 0x0000000100000000)
  eden space 16384K, 0% used [0x00000000eb200000,0x00000000eb200000,0x00000000ec200000)
  from space 2560K, 99% used [0x00000000ec200000,0x00000000ec47eb58,0x00000000ec480000)
  to   space 2560K, 0% used [0x00000000ec480000,0x00000000ec480000,0x00000000ec700000)
 ParOldGen       total 44032K, used 3854K [0x00000000c1600000, 0x00000000c4100000, 0x00000000eb200000)
  object space 44032K, 8% used [0x00000000c1600000,0x00000000c19c39c0,0x00000000c4100000)
 Metaspace       used 17032K, capacity 17336K, committed 17664K, reserved 1064960K
  class space    used 2133K, capacity 2228K, committed 2304K, reserved 1048576K
}
Event: 19.039 GC heap before
{Heap before GC invocations=4 (full 0):
 PSYoungGen      total 18944K, used 18938K [0x00000000eb200000, 0x00000000ec700000, 0x0000000100000000)
  eden space 16384K, 100% used [0x00000000eb200000,0x00000000ec200000,0x00000000ec200000)
  from space 2560K, 99% used [0x00000000ec200000,0x00000000ec47eb58,0x00000000ec480000)
  to   space 2560K, 0% used [0x00000000ec480000,0x00000000ec480000,0x00000000ec700000)
 ParOldGen       total 44032K, used 3854K [0x00000000c1600000, 0x00000000c4100000, 0x00000000eb200000)
  object space 44032K, 8% used [0x00000000c1600000,0x00000000c19c39c0,0x00000000c4100000)
 Metaspace       used 17046K, capacity 17348K, committed 17664K, reserved 1064960K
  class space    used 2134K, capacity 2230K, committed 2304K, reserved 1048576K
Event: 19.043 GC heap after
Heap after GC invocations=4 (full 0):
 PSYoungGen      total 18944K, used 2554K [0x00000000eb200000, 0x00000000ec700000, 0x0000000100000000)
  eden space 16384K, 0% used [0x00000000eb200000,0x00000000eb200000,0x00000000ec200000)
  from space 2560K, 99% used [0x00000000ec480000,0x00000000ec6feb58,0x00000000ec700000)
  to   space 2560K, 0% used [0x00000000ec200000,0x00000000ec200000,0x00000000ec480000)
 ParOldGen       total 44032K, used 3870K [0x00000000c1600000, 0x00000000c4100000, 0x00000000eb200000)
  object space 44032K, 8% used [0x00000000c1600000,0x00000000c19c79c0,0x00000000c4100000)
 Metaspace       used 17046K, capacity 17348K, committed 17664K, reserved 1064960K
  class space    used 2134K, capacity 2230K, committed 2304K, reserved 1048576K
}
Event: 20.847 GC heap before
{Heap before GC invocations=5 (full 0):
 PSYoungGen      total 18944K, used 18938K [0x00000000eb200000, 0x00000000ec700000, 0x0000000100000000)
  eden space 16384K, 100% used [0x00000000eb200000,0x00000000ec200000,0x00000000ec200000)
  from space 2560K, 99% used [0x00000000ec480000,0x00000000ec6feb58,0x00000000ec700000)
  to   space 2560K, 0% used [0x00000000ec200000,0x00000000ec200000,0x00000000ec480000)
 ParOldGen       total 44032K, used 3870K [0x00000000c1600000, 0x00000000c4100000, 0x00000000eb200000)
  object space 44032K, 8% used [0x00000000c1600000,0x00000000c19c79c0,0x00000000c4100000)
 Metaspace       used 17047K, capacity 17348K, committed 17664K, reserved 1064960K
  class space    used 2134K, capacity 2230K, committed 2304K, reserved 1048576K
Event: 20.851 GC heap after
Heap after GC invocations=5 (full 0):
 PSYoungGen      total 18944K, used 2554K [0x00000000eb200000, 0x00000000ece00000, 0x0000000100000000)
  eden space 16384K, 0% used [0x00000000eb200000,0x00000000eb200000,0x00000000ec200000)
  from space 2560K, 99% used [0x00000000ec200000,0x00000000ec47eb58,0x00000000ec480000)
  to   space 6144K, 0% used [0x00000000ec800000,0x00000000ec800000,0x00000000ece00000)
 ParOldGen       total 44032K, used 3878K [0x00000000c1600000, 0x00000000c4100000, 0x00000000eb200000)
  object space 44032K, 8% used [0x00000000c1600000,0x00000000c19c99c0,0x00000000c4100000)
 Metaspace       used 17047K, capacity 17348K, committed 17664K, reserved 1064960K
  class space    used 2134K, capacity 2230K, committed 2304K, reserved 1048576K
}

Deoptimization events (10 events):
Event: 12.695 Thread 0x00000000166be000 Uncommon trap: reason=class_check action=maybe_recompile pc=0x000000000257d01c method=java.util.HashMap.putVal(ILjava/lang/Object;Ljava/lang/Object;ZZ)Ljava/lang/Object; @ 253
Event: 12.696 Thread 0x00000000166be000 Uncommon trap: reason=unstable_if action=reinterpret pc=0x000000000257581c method=java.io.WinNTFileSystem.normalize(Ljava/lang/String;)Ljava/lang/String; @ 128
Event: 12.943 Thread 0x00000000166be000 Uncommon trap: reason=unstable_if action=reinterpret pc=0x0000000002602344 method=sun.nio.ch.Util$BufferCache.get(I)Ljava/nio/ByteBuffer; @ 4
Event: 12.943 Thread 0x00000000166be000 Uncommon trap: reason=unstable_if action=reinterpret pc=0x000000000259f9a0 method=java.nio.channels.spi.AbstractInterruptibleChannel.end(Z)V @ 31
Event: 14.403 Thread 0x00000000166be000 Uncommon trap: reason=unstable_if action=reinterpret pc=0x00000000028eac7c method=java.io.ObjectOutputStream$BlockDataOutputStream.getUTFLength(Ljava/lang/String;)J @ 73
Event: 20.757 Thread 0x00000000166be000 Uncommon trap: reason=predicate action=maybe_recompile pc=0x00000000025350fc method=java.io.ObjectInputStream.readArray(Z)Ljava/lang/Object; @ 397
Event: 20.894 Thread 0x00000000166be000 Uncommon trap: reason=array_check action=maybe_recompile pc=0x00000000029e3eb8 method=java.io.ObjectInputStream.readArray(Z)Ljava/lang/Object; @ 406
Event: 20.900 Thread 0x00000000166be000 Uncommon trap: reason=array_check action=maybe_recompile pc=0x00000000029e3eb8 method=java.io.ObjectInputStream.readArray(Z)Ljava/lang/Object; @ 406
Event: 20.911 Thread 0x00000000166be000 Uncommon trap: reason=array_check action=maybe_recompile pc=0x00000000029e3eb8 method=java.io.ObjectInputStream.readArray(Z)Ljava/lang/Object; @ 406
Event: 20.916 Thread 0x00000000166be000 Uncommon trap: reason=array_check action=maybe_recompile pc=0x00000000029e3eb8 method=java.io.ObjectInputStream.readArray(Z)Ljava/lang/Object; @ 406

Internal exceptions (10 events):
Event: 13.613 Thread 0x00000000166be000 Exception <a 'java/lang/NoSuchMethodError': <clinit>> (0x00000000eb3642b0) thrown at [C:\re\workspace\8-2-build-windows-amd64-cygwin\jdk8u60\4407\hotspot\src\share\vm\prims\jni.cpp, line 1591]
Event: 13.629 Thread 0x00000000166be000 Exception <a 'java/lang/NoSuchMethodError': <clinit>> (0x00000000eb3886d8) thrown at [C:\re\workspace\8-2-build-windows-amd64-cygwin\jdk8u60\4407\hotspot\src\share\vm\prims\jni.cpp, line 1591]
Event: 13.631 Thread 0x00000000166be000 Exception <a 'java/lang/NoSuchMethodError': <clinit>> (0x00000000eb39eaf0) thrown at [C:\re\workspace\8-2-build-windows-amd64-cygwin\jdk8u60\4407\hotspot\src\share\vm\prims\jni.cpp, line 1591]
Event: 13.631 Thread 0x00000000166be000 Exception <a 'java/lang/NoSuchMethodError': <clinit>> (0x00000000eb3a3080) thrown at [C:\re\workspace\8-2-build-windows-amd64-cygwin\jdk8u60\4407\hotspot\src\share\vm\prims\jni.cpp, line 1591]
Event: 13.665 Thread 0x00000000166be000 Exception <a 'java/lang/NoSuchMethodError': <clinit>> (0x00000000eb3c1d08) thrown at [C:\re\workspace\8-2-build-windows-amd64-cygwin\jdk8u60\4407\hotspot\src\share\vm\prims\jni.cpp, line 1591]
Event: 13.666 Thread 0x00000000166be000 Exception <a 'java/lang/NoSuchMethodError': <clinit>> (0x00000000eb3c4d28) thrown at [C:\re\workspace\8-2-build-windows-amd64-cygwin\jdk8u60\4407\hotspot\src\share\vm\prims\jni.cpp, line 1591]
Event: 13.671 Thread 0x00000000166be000 Exception <a 'java/lang/NoSuchMethodError': <clinit>> (0x00000000eb3dab80) thrown at [C:\re\workspace\8-2-build-windows-amd64-cygwin\jdk8u60\4407\hotspot\src\share\vm\prims\jni.cpp, line 1591]
Event: 13.673 Thread 0x00000000166be000 Exception <a 'java/lang/NoSuchMethodError': <clinit>> (0x00000000eb3e5728) thrown at [C:\re\workspace\8-2-build-windows-amd64-cygwin\jdk8u60\4407\hotspot\src\share\vm\prims\jni.cpp, line 1591]
Event: 13.772 Thread 0x00000000166be000 Exception <a 'java/lang/NoSuchMethodError': <clinit>> (0x00000000eb461970) thrown at [C:\re\workspace\8-2-build-windows-amd64-cygwin\jdk8u60\4407\hotspot\src\share\vm\prims\jni.cpp, line 1591]
Event: 14.324 Thread 0x00000000166be000 Exception <a 'java/lang/NoSuchMethodError': <clinit>> (0x00000000eb6a26b0) thrown at [C:\re\workspace\8-2-build-windows-amd64-cygwin\jdk8u60\4407\hotspot\src\share\vm\prims\jni.cpp, line 1591]

Events (10 events):
Event: 20.894 Thread 0x00000000166be000 DEOPT UNPACKING pc=0x000000000237582a sp=0x00000000181bc300 mode 2
Event: 20.900 Thread 0x00000000166be000 Uncommon trap: trap_request=0xffffffd6 fr.pc=0x00000000029e3eb8
Event: 20.900 Thread 0x00000000166be000 DEOPT PACKING pc=0x00000000029e3eb8 sp=0x00000000181bc330
Event: 20.900 Thread 0x00000000166be000 DEOPT UNPACKING pc=0x000000000237582a sp=0x00000000181bc300 mode 2
Event: 20.911 Thread 0x00000000166be000 Uncommon trap: trap_request=0xffffffd6 fr.pc=0x00000000029e3eb8
Event: 20.911 Thread 0x00000000166be000 DEOPT PACKING pc=0x00000000029e3eb8 sp=0x00000000181bc330
Event: 20.911 Thread 0x00000000166be000 DEOPT UNPACKING pc=0x000000000237582a sp=0x00000000181bc300 mode 2
Event: 20.916 Thread 0x00000000166be000 Uncommon trap: trap_request=0xffffffd6 fr.pc=0x00000000029e3eb8
Event: 20.916 Thread 0x00000000166be000 DEOPT PACKING pc=0x00000000029e3eb8 sp=0x00000000181bc2a0
Event: 20.916 Thread 0x00000000166be000 DEOPT UNPACKING pc=0x000000000237582a sp=0x00000000181bc270 mode 2


Dynamic libraries:
0x00007ff675770000 - 0x00007ff6757a7000 	C:\Program Files\Java\jdk1.8.0_60\jre\bin\java.exe
0x00007ff9944b0000 - 0x00007ff99465c000 	C:\Windows\SYSTEM32\ntdll.dll
0x00007ff9933c0000 - 0x00007ff9934fe000 	C:\Windows\system32\KERNEL32.DLL
0x00007ff991a20000 - 0x00007ff991b35000 	C:\Windows\system32\KERNELBASE.dll
0x00007ff9901b0000 - 0x00007ff99023e000 	C:\Windows\system32\apphelp.dll
0x00007ff980270000 - 0x00007ff9802c3000 	C:\Windows\AppPatch\AppPatch64\AcGenral.DLL
0x00007ff993070000 - 0x00007ff99311a000 	C:\Windows\system32\msvcrt.dll
0x00007ff9913e0000 - 0x00007ff99140e000 	C:\Windows\SYSTEM32\SspiCli.dll
0x00007ff993dc0000 - 0x00007ff993e14000 	C:\Windows\system32\SHLWAPI.dll
0x00007ff9938d0000 - 0x00007ff993a47000 	C:\Windows\system32\USER32.dll
0x00007ff994120000 - 0x00007ff9942b4000 	C:\Windows\system32\ole32.dll
0x00007ff991b50000 - 0x00007ff993069000 	C:\Windows\system32\SHELL32.dll
0x00007ff990bb0000 - 0x00007ff990bd1000 	C:\Windows\SYSTEM32\USERENV.dll
0x00007ff993c90000 - 0x00007ff993d3a000 	C:\Windows\system32\ADVAPI32.dll
0x00007ff984bc0000 - 0x00007ff984bde000 	C:\Windows\SYSTEM32\MPR.dll
0x00007ff993fd0000 - 0x00007ff994111000 	C:\Windows\system32\RPCRT4.dll
0x00007ff993c30000 - 0x00007ff993c89000 	C:\Windows\SYSTEM32\sechost.dll
0x00007ff9936b0000 - 0x00007ff9938c1000 	C:\Windows\SYSTEM32\combase.dll
0x00007ff993e20000 - 0x00007ff993f6f000 	C:\Windows\system32\GDI32.dll
0x00007ff991610000 - 0x00007ff991625000 	C:\Windows\SYSTEM32\profapi.dll
0x00007ff98f7b0000 - 0x00007ff98f862000 	C:\Windows\SYSTEM32\SHCORE.dll
0x00007ff994470000 - 0x00007ff9944a6000 	C:\Windows\system32\IMM32.DLL
0x00007ff993260000 - 0x00007ff9933b2000 	C:\Windows\system32\MSCTF.dll
0x00007ff98ee40000 - 0x00007ff98f0ba000 	C:\Windows\WinSxS\amd64_microsoft.windows.common-controls_6595b64144ccf1df_6.0.9600.17810_none_6240b9c7ecbd0bda\COMCTL32.dll
0x0000000050430000 - 0x0000000050502000 	C:\Program Files\Java\jdk1.8.0_60\jre\bin\msvcr100.dll
0x0000000077770000 - 0x0000000077ff9000 	C:\Program Files\Java\jdk1.8.0_60\jre\bin\server\jvm.dll
0x00007ff98c7d0000 - 0x00007ff98c7d9000 	C:\Windows\SYSTEM32\WSOCK32.dll
0x00007ff9849e0000 - 0x00007ff984a02000 	C:\Windows\SYSTEM32\WINMM.dll
0x00007ff9891a0000 - 0x00007ff9891aa000 	C:\Windows\SYSTEM32\VERSION.dll
0x00007ff991b40000 - 0x00007ff991b47000 	C:\Windows\system32\PSAPI.DLL
0x00007ff993d60000 - 0x00007ff993dba000 	C:\Windows\system32\WS2_32.dll
0x00007ff9849b0000 - 0x00007ff9849da000 	C:\Windows\SYSTEM32\WINMMBASE.dll
0x00007ff9935e0000 - 0x00007ff9935e9000 	C:\Windows\system32\NSI.dll
0x00007ff9916e0000 - 0x00007ff99172f000 	C:\Windows\SYSTEM32\cfgmgr32.dll
0x00007ff990420000 - 0x00007ff990448000 	C:\Windows\SYSTEM32\DEVOBJ.dll
0x00000000503e0000 - 0x00000000503ef000 	C:\Program Files\Java\jdk1.8.0_60\jre\bin\verify.dll
0x00000000503b0000 - 0x00000000503d9000 	C:\Program Files\Java\jdk1.8.0_60\jre\bin\java.dll
0x0000000050390000 - 0x00000000503a6000 	C:\Program Files\Java\jdk1.8.0_60\jre\bin\zip.dll
0x00000000501b0000 - 0x0000000050348000 	C:\Program Files\Java\jdk1.8.0_60\jre\bin\awt.dll
0x00007ff993510000 - 0x00007ff9935d1000 	C:\Windows\system32\OLEAUT32.dll
0x00007ff990250000 - 0x00007ff990379000 	C:\Windows\system32\uxtheme.dll
0x00007ff98d0c0000 - 0x00007ff98d1ae000 	C:\Program Files (x86)\Stardock\Start8\Start8_64.dll
0x00007ff98cd10000 - 0x00007ff98ce8f000 	C:\Windows\SYSTEM32\PROPSYS.dll
0x00007ff989610000 - 0x00007ff9896bb000 	C:\Program Files\Common Files\microsoft shared\ink\tiptsf.dll
0x00007ff98f590000 - 0x00007ff98f5b1000 	C:\Windows\system32\dwmapi.dll
0x00007ff990450000 - 0x00007ff99045b000 	C:\Windows\SYSTEM32\kernel.appcore.dll
0x00007ff991480000 - 0x00007ff99148b000 	C:\Windows\SYSTEM32\CRYPTBASE.dll
0x00007ff991410000 - 0x00007ff991473000 	C:\Windows\SYSTEM32\bcryptPrimitives.dll
0x0000000050160000 - 0x00000000501a7000 	C:\Program Files\Java\jdk1.8.0_60\jre\bin\fontmanager.dll
0x0000000050370000 - 0x000000005038a000 	C:\Program Files\Java\jdk1.8.0_60\jre\bin\net.dll
0x00007ff990e20000 - 0x00007ff990e79000 	C:\Windows\system32\mswsock.dll
0x0000000050350000 - 0x0000000050361000 	C:\Program Files\Java\jdk1.8.0_60\jre\bin\nio.dll
0x0000000050110000 - 0x0000000050152000 	C:\Program Files\Java\jdk1.8.0_60\jre\bin\t2k.dll
0x00007ff9935f0000 - 0x00007ff9936a6000 	C:\Windows\SYSTEM32\clbcatq.dll
0x00007ff98f870000 - 0x00007ff98fa1e000 	C:\Windows\SYSTEM32\WindowsCodecs.dll
0x00007ff990e80000 - 0x00007ff990ea0000 	C:\Windows\SYSTEM32\CRYPTSP.dll
0x00007ff990aa0000 - 0x00007ff990ad6000 	C:\Windows\system32\rsaenh.dll
0x00007ff9910d0000 - 0x00007ff9910f6000 	C:\Windows\SYSTEM32\bcrypt.dll
0x00007ff98c930000 - 0x00007ff98c99a000 	C:\Windows\SYSTEM32\oleacc.dll
0x00000000500a0000 - 0x00000000500c4000 	C:\Program Files\Java\jdk1.8.0_60\jre\bin\sunec.dll
0x00007ff984640000 - 0x00007ff984655000 	C:\Windows\system32\napinsp.dll
0x00007ff979910000 - 0x00007ff97992a000 	C:\Windows\system32\pnrpnsp.dll
0x00007ff98e830000 - 0x00007ff98e84b000 	C:\Windows\system32\NLAapi.dll
0x00007ff990c20000 - 0x00007ff990cc4000 	C:\Windows\SYSTEM32\DNSAPI.dll
0x00007ff984ac0000 - 0x00007ff984acd000 	C:\Windows\System32\winrnr.dll
0x00007ff987c60000 - 0x00007ff987c6a000 	C:\Windows\System32\rasadhlp.dll
0x00007ff98d620000 - 0x00007ff98d64a000 	C:\Windows\SYSTEM32\IPHLPAPI.DLL
0x00007ff98d4c0000 - 0x00007ff98d4ca000 	C:\Windows\SYSTEM32\WINNSI.DLL
0x00007ff98d400000 - 0x00007ff98d46b000 	C:\Windows\System32\fwpuclnt.dll
0x00007ff975090000 - 0x00007ff975219000 	C:\Windows\SYSTEM32\dbghelp.dll

VM Arguments:
jvm_args: -Dfile.encoding=UTF-8 
java_command: edu.ucue.jparking.JParking
java_class_path (initial): C:\Users\Franklin\Desktop\JParking\librerias\jcalendar-1.3.3.jar;C:\Users\Franklin\Desktop\JParking\librerias\itext-pdfa-5.5.8-javadoc.jar;C:\Users\Franklin\Desktop\JParking\librerias\itextpdf-5.5.8.jar;C:\Users\Franklin\Desktop\JParking\build\classes
Launcher Type: SUN_STANDARD

Environment Variables:
PATH=C:\Python34\Lib\site-packages\PyQt4;C:\ProgramData\Oracle\Java\javapath;C:\Windows\system32;C:\Windows;C:\Windows\System32\Wbem;C:\Windows\System32\WindowsPowerShell\v1.0\;C:\Program Files (x86)\Skype\Phone\;C:\Program Files (x86)\scala\bin
USERNAME=Franklin
OS=Windows_NT
PROCESSOR_IDENTIFIER=Intel64 Family 6 Model 61 Stepping 4, GenuineIntel



---------------  S Y S T E M  ---------------

OS: Windows 8.1 , 64 bit Build 9600 (6.3.9600.17415)

CPU:total 4 (2 cores per cpu, 2 threads per core) family 6 model 61 stepping 4, cmov, cx8, fxsr, mmx, sse, sse2, sse3, ssse3, sse4.1, sse4.2, popcnt, avx, avx2, aes, clmul, erms, 3dnowpref, lzcnt, ht, tsc, tscinvbit, bmi1, bmi2, adx

Memory: 4k page, physical 4103848k(1829520k free), swap 6463144k(3531980k free)

vm_info: Java HotSpot(TM) 64-Bit Server VM (25.60-b23) for windows-amd64 JRE (1.8.0_60-b27), built on Aug  4 2015 11:06:27 by "java_re" with MS VC++ 10.0 (VS2010)

time: Tue Jan 26 08:46:54 2016
elapsed time: 21 seconds (0d 0h 0m 21s)

